Arguments: 
  /usr/bin/node /usr/share/yarn/bin/yarn.js i

PATH: 
  /home/tadeu/.rbenv/plugins/ruby-build/bin:/home/tadeu/.rbenv/shims:/home/tadeu/.rbenv/bin:/home/tadeu/bin:/home/tadeu/.local/bin:/usr/local/sbin:/usr/local/bin:/usr/sbin:/usr/bin:/sbin:/bin:/usr/games:/usr/local/games:/usr/lib/jvm/java-8-oracle/bin:/usr/lib/jvm/java-8-oracle/db/bin:/usr/lib/jvm/java-8-oracle/jre/bin:/opt/android-sdk/tools:/opt/android-sdk/platform-tools

Yarn version: 
  1.5.1

Node version: 
  8.10.0

Platform: 
  linux x64

npm manifest: 
  {
    "repository": {},
    "license": "MIT",
    "scripts": {
      "deploy": "brunch build --production",
      "watch": "brunch watch --stdin"
    },
    "dependencies": {
      "phoenix": "file:deps/phoenix",
      "phoenix_html": "file:deps/phoenix_html"
    },
    "devDependencies": {
      "babel-brunch": "6.1.1",
      "brunch": "2.10.9",
      "clean-css-brunch": "2.10.0",
      "uglify-js-brunch": "2.10.0"
    }
  }

yarn manifest: 
  No manifest

Lockfile: 
  No lockfile

Trace: 
  Error: Command "i" not found.
      at new MessageError (/usr/share/yarn/lib/cli.js:186:110)
      at /usr/share/yarn/lib/cli.js:87307:17
      at Generator.next (<anonymous>)
      at step (/usr/share/yarn/lib/cli.js:98:30)
      at /usr/share/yarn/lib/cli.js:116:14
      at new Promise (<anonymous>)
      at new F (/usr/share/yarn/lib/cli.js:23451:28)
      at /usr/share/yarn/lib/cli.js:95:12
      at runCommand (/usr/share/yarn/lib/cli.js:87312:22)
      at Object.<anonymous> (/usr/share/yarn/lib/cli.js:87412:14)
